<?xml version="1.0" encoding="UTF-8"?>
<!-- Generated by org.testng.reporters.JUnitXMLReporter -->
<testsuite hostname="T440p" ignored="0" name="Test" tests="4" failures="0" timestamp="01 Nov 2018 17:07:58 GMT" time="0.028" errors="0">
  <testcase name="AndroidTest1" time="0.007" classname="QAClickAcademy.AppiumTest"/>
  <testcase name="IOSApps" time="0.0" classname="QAClickAcademy.AppiumTest"/>
  <testcase name="DeleteTwitter" time="0.0" classname="QAClickAcademy.RestAPITest"/>
  <testcase name="PostJira" time="0.0" classname="QAClickAcademy.RestAPITest"/>
</testsuite> <!-- Test -->
